<?xml version="1.0" encoding="UTF-8"?>
<testng-results skipped="0" failed="0" ignored="0" total="2" passed="2">
  <reporter-output>
  </reporter-output>
  <suite name="Default suite" duration-ms="16024" started-at="2022-10-13T09:10:18 CDT" finished-at="2022-10-13T09:10:34 CDT">
    <groups>
    </groups>
    <test name="Default test" duration-ms="16024" started-at="2022-10-13T09:10:18 CDT" finished-at="2022-10-13T09:10:34 CDT">
      <class name="pakOne.Login_TestNG">
        <test-method status="PASS" signature="readConfig()[pri:0, instance:pakOne.Login_TestNG@3891771e]" name="readConfig" is-config="true" duration-ms="6" started-at="2022-10-13T09:10:18 CDT" finished-at="2022-10-13T09:10:18 CDT">
          <reporter-output>
          </reporter-output>
        </test-method> <!-- readConfig -->
        <test-method status="PASS" signature="init()[pri:0, instance:pakOne.Login_TestNG@3891771e]" name="init" is-config="true" duration-ms="6863" started-at="2022-10-13T09:10:18 CDT" finished-at="2022-10-13T09:10:25 CDT">
          <reporter-output>
          </reporter-output>
        </test-method> <!-- init -->
        <test-method status="PASS" signature="loginTest()[pri:1, instance:pakOne.Login_TestNG@3891771e]" name="loginTest" duration-ms="3764" started-at="2022-10-13T09:10:25 CDT" finished-at="2022-10-13T09:10:29 CDT">
          <reporter-output>
          </reporter-output>
        </test-method> <!-- loginTest -->
        <test-method status="PASS" signature="init()[pri:0, instance:pakOne.Login_TestNG@3891771e]" name="init" is-config="true" duration-ms="2339" started-at="2022-10-13T09:10:29 CDT" finished-at="2022-10-13T09:10:31 CDT">
          <reporter-output>
          </reporter-output>
        </test-method> <!-- init -->
        <test-method status="PASS" signature="addCustomerTest()[pri:2, instance:pakOne.Login_TestNG@3891771e]" name="addCustomerTest" duration-ms="3020" started-at="2022-10-13T09:10:31 CDT" finished-at="2022-10-13T09:10:34 CDT">
          <reporter-output>
          </reporter-output>
        </test-method> <!-- addCustomerTest -->
      </class> <!-- pakOne.Login_TestNG -->
    </test> <!-- Default test -->
  </suite> <!-- Default suite -->
</testng-results>
